2022.10.22 16:12:38 INFO  tracing is disabled for protocol LSP, to enable tracing of incoming and outgoing JSON messages create an empty file at /home/miguel/universidad/lenguajes/clases/practica2.1/.metals/lsp.trace.json or /home/miguel/.cache/metals/lsp.trace.json[0m
2022.10.22 16:12:38 INFO  logging to file /home/miguel/universidad/lenguajes/clases/practica2.1/.metals/metals.log[0m
2022.10.22 16:12:38 INFO  Started: Metals version 0.11.9 in workspace '/home/miguel/universidad/lenguajes/clases/practica2.1' for client Visual Studio Code 1.72.2.[0m
2022.10.22 16:12:39 INFO  time: initialize in 1.08s[0m
2022.10.22 16:12:40 WARN  Build server is not auto-connectable.[0m
2022.10.22 16:12:40 WARN  no build tool detected in workspace '/home/miguel/universidad/lenguajes/clases/practica2.1'. The most common cause for this problem is that the editor was opened in the wrong working directory, for example if you use sbt then the workspace directory should contain build.sbt. [0m
2022.10.22 16:12:40 WARN  no build target for: /home/miguel/universidad/lenguajes/clases/practica2.1/main.scala[0m
2022.10.22 16:12:43 INFO  no build target found for /home/miguel/universidad/lenguajes/clases/practica2.1/main.scala. Using presentation compiler with project's scala-library version: 3.2.0[0m
2022.10.22 16:12:44 INFO  time: code lens generation in 3.28s[0m
2022.10.22 16:23:04 WARN  no build target for: /home/miguel/universidad/lenguajes/clases/practica2.1/main.scala[0m
2022.10.22 16:27:06 WARN  no build target for: /home/miguel/universidad/lenguajes/clases/practica2.1/main.scala[0m
Oct 22, 2022 4:27:59 PM org.eclipse.lsp4j.jsonrpc.RemoteEndpoint handleCancellation
WARNING: Unmatched cancel notification for request id 632
Oct 22, 2022 4:28:43 PM scala.meta.internal.pc.CompilerAccess handleError
SEVERE: NoDenotation.owner
java.lang.AssertionError: NoDenotation.owner
	at dotty.tools.dotc.core.SymDenotations$NoDenotation$.owner(SymDenotations.scala:2499)
	at scala.meta.internal.pc.PcDocumentHighlightProvider$.isForComprehensionOwner$1(PcDocumentHighlightProvider.scala:163)
	at scala.meta.internal.pc.PcDocumentHighlightProvider$.collectNames$1(PcDocumentHighlightProvider.scala:178)
	at scala.meta.internal.pc.PcDocumentHighlightProvider$.$anonfun$4(PcDocumentHighlightProvider.scala:275)
	at dotty.tools.dotc.ast.Trees$Instance$DeepFolder.apply(Trees.scala:1669)
	at dotty.tools.dotc.ast.Trees$Instance$TreeAccumulator.foldOver(Trees.scala:1623)
	at dotty.tools.dotc.ast.Trees$Instance$DeepFolder.apply(Trees.scala:1669)
	at dotty.tools.dotc.ast.Trees$Instance$TreeAccumulator.fold$1(Trees.scala:1535)
	at dotty.tools.dotc.ast.Trees$Instance$TreeAccumulator.apply(Trees.scala:1537)
	at dotty.tools.dotc.ast.Trees$Instance$TreeAccumulator.foldOver(Trees.scala:1630)
	at dotty.tools.dotc.ast.Trees$Instance$DeepFolder.apply(Trees.scala:1669)
	at dotty.tools.dotc.ast.Trees$Instance$TreeAccumulator.foldOver(Trees.scala:1627)
	at dotty.tools.dotc.ast.Trees$Instance$DeepFolder.apply(Trees.scala:1669)
	at dotty.tools.dotc.ast.Trees$Instance$TreeAccumulator.fold$1(Trees.scala:1535)
	at dotty.tools.dotc.ast.Trees$Instance$TreeAccumulator.apply(Trees.scala:1537)
	at dotty.tools.dotc.ast.Trees$Instance$TreeAccumulator.foldOver(Trees.scala:1636)
	at dotty.tools.dotc.ast.Trees$Instance$TreeAccumulator.foldOver(Trees.scala:1541)
	at dotty.tools.dotc.ast.Trees$Instance$DeepFolder.apply(Trees.scala:1669)
	at scala.meta.internal.pc.PcDocumentHighlightProvider$.highlights(PcDocumentHighlightProvider.scala:276)

Oct 22, 2022 4:28:47 PM scala.meta.internal.pc.CompilerAccess handleError
SEVERE: NoDenotation.owner
java.lang.AssertionError: NoDenotation.owner
	at dotty.tools.dotc.core.SymDenotations$NoDenotation$.owner(SymDenotations.scala:2499)
	at scala.meta.internal.pc.PcDocumentHighlightProvider$.isForComprehensionOwner$1(PcDocumentHighlightProvider.scala:163)
	at scala.meta.internal.pc.PcDocumentHighlightProvider$.collectNames$1(PcDocumentHighlightProvider.scala:178)
	at scala.meta.internal.pc.PcDocumentHighlightProvider$.$anonfun$4(PcDocumentHighlightProvider.scala:275)
	at dotty.tools.dotc.ast.Trees$Instance$DeepFolder.apply(Trees.scala:1669)
	at dotty.tools.dotc.ast.Trees$Instance$TreeAccumulator.foldOver(Trees.scala:1623)
	at dotty.tools.dotc.ast.Trees$Instance$DeepFolder.apply(Trees.scala:1669)
	at dotty.tools.dotc.ast.Trees$Instance$TreeAccumulator.fold$1(Trees.scala:1535)
	at dotty.tools.dotc.ast.Trees$Instance$TreeAccumulator.apply(Trees.scala:1537)
	at dotty.tools.dotc.ast.Trees$Instance$TreeAccumulator.foldOver(Trees.scala:1630)
	at dotty.tools.dotc.ast.Trees$Instance$DeepFolder.apply(Trees.scala:1669)
	at dotty.tools.dotc.ast.Trees$Instance$TreeAccumulator.foldOver(Trees.scala:1627)
	at dotty.tools.dotc.ast.Trees$Instance$DeepFolder.apply(Trees.scala:1669)
	at dotty.tools.dotc.ast.Trees$Instance$TreeAccumulator.fold$1(Trees.scala:1535)
	at dotty.tools.dotc.ast.Trees$Instance$TreeAccumulator.apply(Trees.scala:1537)
	at dotty.tools.dotc.ast.Trees$Instance$TreeAccumulator.foldOver(Trees.scala:1636)
	at dotty.tools.dotc.ast.Trees$Instance$TreeAccumulator.foldOver(Trees.scala:1541)
	at dotty.tools.dotc.ast.Trees$Instance$DeepFolder.apply(Trees.scala:1669)
	at scala.meta.internal.pc.PcDocumentHighlightProvider$.highlights(PcDocumentHighlightProvider.scala:276)

2022.10.22 16:28:59 WARN  no build target for: /home/miguel/universidad/lenguajes/clases/practica2.1/main.scala[0m
2022.10.22 16:29:28 WARN  no build target for: /home/miguel/universidad/lenguajes/clases/practica2.1/main.scala[0m
2022.10.22 16:29:56 WARN  no build target for: /home/miguel/universidad/lenguajes/clases/practica2.1/main.scala[0m
2022.10.22 16:30:23 WARN  no build target for: /home/miguel/universidad/lenguajes/clases/practica2.1/main.scala[0m
2022.10.22 16:30:42 WARN  no build target for: /home/miguel/universidad/lenguajes/clases/practica2.1/main.scala[0m
2022.10.22 16:31:08 WARN  no build target for: /home/miguel/universidad/lenguajes/clases/practica2.1/main.scala[0m
2022.10.22 16:34:24 WARN  no build target for: /home/miguel/universidad/lenguajes/clases/practica2.1/main.scala[0m
2022.10.22 16:34:31 WARN  no build target for: /home/miguel/universidad/lenguajes/clases/practica2.1/main.scala[0m
2022.10.22 16:37:22 WARN  no build target for: /home/miguel/universidad/lenguajes/clases/practica2.1/main.scala[0m
2022.10.22 16:37:32 WARN  no build target for: /home/miguel/universidad/lenguajes/clases/practica2.1/main.scala[0m
2022.10.22 16:38:03 WARN  no build target for: /home/miguel/universidad/lenguajes/clases/practica2.1/main.scala[0m
2022.10.22 16:38:31 WARN  no build target for: /home/miguel/universidad/lenguajes/clases/practica2.1/main.scala[0m
Oct 22, 2022 4:39:09 PM scala.meta.internal.pc.CompilerAccess handleError
SEVERE: NoDenotation.owner
java.lang.AssertionError: NoDenotation.owner
	at dotty.tools.dotc.core.SymDenotations$NoDenotation$.owner(SymDenotations.scala:2499)
	at scala.meta.internal.pc.PcDocumentHighlightProvider$.isForComprehensionOwner$1(PcDocumentHighlightProvider.scala:163)
	at scala.meta.internal.pc.PcDocumentHighlightProvider$.collectNames$1(PcDocumentHighlightProvider.scala:178)
	at scala.meta.internal.pc.PcDocumentHighlightProvider$.$anonfun$4(PcDocumentHighlightProvider.scala:275)
	at dotty.tools.dotc.ast.Trees$Instance$DeepFolder.apply(Trees.scala:1669)
	at dotty.tools.dotc.ast.Trees$Instance$TreeAccumulator.fold$1(Trees.scala:1535)
	at dotty.tools.dotc.ast.Trees$Instance$TreeAccumulator.apply(Trees.scala:1537)
	at dotty.tools.dotc.ast.Trees$Instance$TreeAccumulator.foldOver(Trees.scala:1554)
	at dotty.tools.dotc.ast.Trees$Instance$DeepFolder.apply(Trees.scala:1669)
	at dotty.tools.dotc.ast.Trees$Instance$TreeAccumulator.foldOver(Trees.scala:1619)
	at dotty.tools.dotc.ast.Trees$Instance$DeepFolder.apply(Trees.scala:1669)
	at dotty.tools.dotc.ast.Trees$Instance$TreeAccumulator.fold$1(Trees.scala:1535)
	at dotty.tools.dotc.ast.Trees$Instance$TreeAccumulator.apply(Trees.scala:1537)
	at dotty.tools.dotc.ast.Trees$Instance$TreeAccumulator.foldOver(Trees.scala:1630)
	at dotty.tools.dotc.ast.Trees$Instance$DeepFolder.apply(Trees.scala:1669)
	at dotty.tools.dotc.ast.Trees$Instance$TreeAccumulator.foldOver(Trees.scala:1627)
	at dotty.tools.dotc.ast.Trees$Instance$DeepFolder.apply(Trees.scala:1669)
	at dotty.tools.dotc.ast.Trees$Instance$TreeAccumulator.fold$1(Trees.scala:1535)
	at dotty.tools.dotc.ast.Trees$Instance$TreeAccumulator.apply(Trees.scala:1537)
	at dotty.tools.dotc.ast.Trees$Instance$TreeAccumulator.foldOver(Trees.scala:1636)
	at dotty.tools.dotc.ast.Trees$Instance$TreeAccumulator.foldOver(Trees.scala:1541)
	at dotty.tools.dotc.ast.Trees$Instance$DeepFolder.apply(Trees.scala:1669)
	at scala.meta.internal.pc.PcDocumentHighlightProvider$.highlights(PcDocumentHighlightProvider.scala:276)

Oct 22, 2022 4:40:58 PM org.eclipse.lsp4j.jsonrpc.RemoteEndpoint handleCancellation
WARNING: Unmatched cancel notification for request id 1617
Oct 22, 2022 4:45:56 PM org.eclipse.lsp4j.jsonrpc.RemoteEndpoint handleCancellation
WARNING: Unmatched cancel notification for request id 2126
Oct 22, 2022 4:48:39 PM scala.meta.internal.pc.CompilerAccess handleError
SEVERE: NoDenotation.owner
java.lang.AssertionError: NoDenotation.owner
	at dotty.tools.dotc.core.SymDenotations$NoDenotation$.owner(SymDenotations.scala:2499)
	at scala.meta.internal.pc.PcDocumentHighlightProvider$.isForComprehensionOwner$1(PcDocumentHighlightProvider.scala:163)
	at scala.meta.internal.pc.PcDocumentHighlightProvider$.collectNames$1(PcDocumentHighlightProvider.scala:178)
	at scala.meta.internal.pc.PcDocumentHighlightProvider$.$anonfun$4(PcDocumentHighlightProvider.scala:275)
	at dotty.tools.dotc.ast.Trees$Instance$DeepFolder.apply(Trees.scala:1669)
	at dotty.tools.dotc.ast.Trees$Instance$TreeAccumulator.fold$1(Trees.scala:1535)
	at dotty.tools.dotc.ast.Trees$Instance$TreeAccumulator.apply(Trees.scala:1537)
	at dotty.tools.dotc.ast.Trees$Instance$TreeAccumulator.foldOver(Trees.scala:1596)
	at dotty.tools.dotc.ast.Trees$Instance$DeepFolder.apply(Trees.scala:1669)
	at dotty.tools.dotc.ast.Trees$Instance$TreeAccumulator.foldOver(Trees.scala:1638)
	at dotty.tools.dotc.ast.Trees$Instance$DeepFolder.apply(Trees.scala:1669)
	at dotty.tools.dotc.ast.Trees$Instance$TreeAccumulator.foldOver(Trees.scala:1619)
	at dotty.tools.dotc.ast.Trees$Instance$DeepFolder.apply(Trees.scala:1669)
	at dotty.tools.dotc.ast.Trees$Instance$TreeAccumulator.fold$1(Trees.scala:1535)
	at dotty.tools.dotc.ast.Trees$Instance$TreeAccumulator.apply(Trees.scala:1537)
	at dotty.tools.dotc.ast.Trees$Instance$TreeAccumulator.foldOver$$anonfun$1(Trees.scala:1623)
	at scala.collection.LinearSeqOps.foldLeft(LinearSeq.scala:183)
	at scala.collection.LinearSeqOps.foldLeft$(LinearSeq.scala:179)
	at scala.collection.immutable.List.foldLeft(List.scala:79)
	at dotty.tools.dotc.ast.Trees$Instance$TreeAccumulator.foldOver(Trees.scala:1623)
	at dotty.tools.dotc.ast.Trees$Instance$DeepFolder.apply(Trees.scala:1669)
	at dotty.tools.dotc.ast.Trees$Instance$TreeAccumulator.fold$1(Trees.scala:1535)
	at dotty.tools.dotc.ast.Trees$Instance$TreeAccumulator.apply(Trees.scala:1537)
	at dotty.tools.dotc.ast.Trees$Instance$TreeAccumulator.foldOver(Trees.scala:1630)
	at dotty.tools.dotc.ast.Trees$Instance$DeepFolder.apply(Trees.scala:1669)
	at dotty.tools.dotc.ast.Trees$Instance$TreeAccumulator.foldOver(Trees.scala:1627)
	at dotty.tools.dotc.ast.Trees$Instance$DeepFolder.apply(Trees.scala:1669)
	at dotty.tools.dotc.ast.Trees$Instance$TreeAccumulator.fold$1(Trees.scala:1535)
	at dotty.tools.dotc.ast.Trees$Instance$TreeAccumulator.apply(Trees.scala:1537)
	at dotty.tools.dotc.ast.Trees$Instance$TreeAccumulator.foldOver(Trees.scala:1636)
	at dotty.tools.dotc.ast.Trees$Instance$TreeAccumulator.foldOver(Trees.scala:1541)
	at dotty.tools.dotc.ast.Trees$Instance$DeepFolder.apply(Trees.scala:1669)
	at scala.meta.internal.pc.PcDocumentHighlightProvider$.highlights(PcDocumentHighlightProvider.scala:276)

Oct 22, 2022 4:48:54 PM scala.meta.internal.pc.CompilerAccess handleError
SEVERE: NoDenotation.owner
java.lang.AssertionError: NoDenotation.owner
	at dotty.tools.dotc.core.SymDenotations$NoDenotation$.owner(SymDenotations.scala:2499)
	at scala.meta.internal.pc.PcDocumentHighlightProvider$.isForComprehensionOwner$1(PcDocumentHighlightProvider.scala:163)
	at scala.meta.internal.pc.PcDocumentHighlightProvider$.collectNames$1(PcDocumentHighlightProvider.scala:178)
	at scala.meta.internal.pc.PcDocumentHighlightProvider$.$anonfun$4(PcDocumentHighlightProvider.scala:275)
	at dotty.tools.dotc.ast.Trees$Instance$DeepFolder.apply(Trees.scala:1669)
	at dotty.tools.dotc.ast.Trees$Instance$TreeAccumulator.fold$1(Trees.scala:1535)
	at dotty.tools.dotc.ast.Trees$Instance$TreeAccumulator.apply(Trees.scala:1537)
	at dotty.tools.dotc.ast.Trees$Instance$TreeAccumulator.foldOver(Trees.scala:1596)
	at dotty.tools.dotc.ast.Trees$Instance$DeepFolder.apply(Trees.scala:1669)
	at dotty.tools.dotc.ast.Trees$Instance$TreeAccumulator.foldOver(Trees.scala:1638)
	at dotty.tools.dotc.ast.Trees$Instance$DeepFolder.apply(Trees.scala:1669)
	at dotty.tools.dotc.ast.Trees$Instance$TreeAccumulator.foldOver(Trees.scala:1619)
	at dotty.tools.dotc.ast.Trees$Instance$DeepFolder.apply(Trees.scala:1669)
	at dotty.tools.dotc.ast.Trees$Instance$TreeAccumulator.fold$1(Trees.scala:1535)
	at dotty.tools.dotc.ast.Trees$Instance$TreeAccumulator.apply(Trees.scala:1537)
	at dotty.tools.dotc.ast.Trees$Instance$TreeAccumulator.foldOver$$anonfun$1(Trees.scala:1623)
	at scala.collection.LinearSeqOps.foldLeft(LinearSeq.scala:183)
	at scala.collection.LinearSeqOps.foldLeft$(LinearSeq.scala:179)
	at scala.collection.immutable.List.foldLeft(List.scala:79)
	at dotty.tools.dotc.ast.Trees$Instance$TreeAccumulator.foldOver(Trees.scala:1623)
	at dotty.tools.dotc.ast.Trees$Instance$DeepFolder.apply(Trees.scala:1669)
	at dotty.tools.dotc.ast.Trees$Instance$TreeAccumulator.fold$1(Trees.scala:1535)
	at dotty.tools.dotc.ast.Trees$Instance$TreeAccumulator.apply(Trees.scala:1537)
	at dotty.tools.dotc.ast.Trees$Instance$TreeAccumulator.foldOver(Trees.scala:1630)
	at dotty.tools.dotc.ast.Trees$Instance$DeepFolder.apply(Trees.scala:1669)
	at dotty.tools.dotc.ast.Trees$Instance$TreeAccumulator.foldOver(Trees.scala:1627)
	at dotty.tools.dotc.ast.Trees$Instance$DeepFolder.apply(Trees.scala:1669)
	at dotty.tools.dotc.ast.Trees$Instance$TreeAccumulator.fold$1(Trees.scala:1535)
	at dotty.tools.dotc.ast.Trees$Instance$TreeAccumulator.apply(Trees.scala:1537)
	at dotty.tools.dotc.ast.Trees$Instance$TreeAccumulator.foldOver(Trees.scala:1636)
	at dotty.tools.dotc.ast.Trees$Instance$TreeAccumulator.foldOver(Trees.scala:1541)
	at dotty.tools.dotc.ast.Trees$Instance$DeepFolder.apply(Trees.scala:1669)
	at scala.meta.internal.pc.PcDocumentHighlightProvider$.highlights(PcDocumentHighlightProvider.scala:276)

Oct 22, 2022 4:59:56 PM scala.meta.internal.pc.CompilerAccess handleError
SEVERE: sourcecode/Name
java.lang.NoClassDefFoundError: sourcecode/Name
	at scala.meta.internal.tokenizers.XmlParser$Xml$.UnpStart(XmlParser.scala:48)
	at scala.meta.internal.tokenizers.XmlParser$Xml$.Unparsed(XmlParser.scala:47)
	at scala.meta.internal.tokenizers.XmlParser$Xml$.XmlContent(XmlParser.scala:43)
	at scala.meta.internal.tokenizers.XmlParser.$anonfun$XmlExpr$1(XmlParser.scala:24)
	at scala.meta.internal.fastparse.internal.RepImpls$.rec$4(RepImpls.scala:358)
	at scala.meta.internal.fastparse.internal.RepImpls$.rep$extension(RepImpls.scala:398)
	at scala.meta.internal.fastparse.package$ByNameOps$.rep$extension(package.scala:271)
	at scala.meta.internal.tokenizers.XmlParser.XmlExpr(XmlParser.scala:24)
	at scala.meta.internal.tokenizers.LegacyScanner.$anonfun$getXml$2(LegacyScanner.scala:967)
	at scala.meta.internal.fastparse.package$.parseInputRaw(package.scala:71)
	at scala.meta.internal.fastparse.Parsed$Extra.trace(Parsed.scala:141)
	at scala.meta.internal.fastparse.Parsed$Extra.traced(Parsed.scala:120)
	at scala.meta.internal.tokenizers.LegacyScanner.getXml(LegacyScanner.scala:971)
	at scala.meta.internal.tokenizers.LegacyScanner.fetchLT$1(LegacyScanner.scala:329)
	at scala.meta.internal.tokenizers.LegacyScanner.fetchToken(LegacyScanner.scala:337)
	at scala.meta.internal.tokenizers.LegacyScanner.nextToken(LegacyScanner.scala:245)
	at scala.meta.internal.tokenizers.LegacyScanner.foreach(LegacyScanner.scala:1046)
	at scala.meta.internal.tokenizers.ScalametaTokenizer.uncachedTokenize(ScalametaTokenizer.scala:24)
	at scala.meta.internal.tokenizers.ScalametaTokenizer.$anonfun$tokenize$1(ScalametaTokenizer.scala:17)
	at scala.collection.concurrent.TrieMap.getOrElseUpdate(TrieMap.scala:962)
	at scala.meta.internal.tokenizers.ScalametaTokenizer.tokenize(ScalametaTokenizer.scala:17)
	at scala.meta.internal.tokenizers.ScalametaTokenizer$$anon$2.apply(ScalametaTokenizer.scala:332)
	at scala.meta.tokenizers.Api$XtensionTokenizeDialectInput.tokenize(Api.scala:25)
	at scala.meta.tokenizers.Api$XtensionTokenizeInputLike.tokenize(Api.scala:14)
	at scala.meta.internal.pc.ScriptFirstImportPosition$.tokenize(ScriptFirstImportPosition.scala:105)
	at scala.meta.internal.pc.ScriptFirstImportPosition$.skipPrefixesOffset(ScriptFirstImportPosition.scala:58)
	at scala.meta.internal.pc.ScriptFirstImportPosition$.skipUsingDirectivesOffset(ScriptFirstImportPosition.scala:55)
	at scala.meta.internal.pc.AutoImports$.forScalaSource$1$$anonfun$1(AutoImports.scala:278)
	at scala.Option.map(Option.scala:242)
	at scala.meta.internal.pc.AutoImports$.forScalaSource$1(AutoImports.scala:288)
	at scala.meta.internal.pc.AutoImports$.autoImportPosition$$anonfun$1(AutoImports.scala:327)
	at scala.Option.orElse(Option.scala:477)
	at scala.meta.internal.pc.AutoImports$.autoImportPosition(AutoImports.scala:327)
	at scala.meta.internal.pc.AutoImports$.generator(AutoImports.scala:101)
	at scala.meta.internal.pc.completions.CompletionProvider.completions(CompletionProvider.scala:84)
Caused by: java.lang.ClassNotFoundException: sourcecode.Name
	at java.base/java.net.URLClassLoader.findClass(URLClassLoader.java:476)
	at java.base/java.lang.ClassLoader.loadClass(ClassLoader.java:589)
	at java.base/java.lang.ClassLoader.loadClass(ClassLoader.java:522)
	... 35 more

Oct 22, 2022 4:59:56 PM scala.meta.internal.pc.CompilerAccess handleError
SEVERE: sourcecode/Name
java.lang.NoClassDefFoundError: sourcecode/Name
	at scala.meta.internal.tokenizers.XmlParser$Xml$.UnpStart(XmlParser.scala:48)
	at scala.meta.internal.tokenizers.XmlParser$Xml$.Unparsed(XmlParser.scala:47)
	at scala.meta.internal.tokenizers.XmlParser$Xml$.XmlContent(XmlParser.scala:43)
	at scala.meta.internal.tokenizers.XmlParser.$anonfun$XmlExpr$1(XmlParser.scala:24)
	at scala.meta.internal.fastparse.internal.RepImpls$.rec$4(RepImpls.scala:358)
	at scala.meta.internal.fastparse.internal.RepImpls$.rep$extension(RepImpls.scala:398)
	at scala.meta.internal.fastparse.package$ByNameOps$.rep$extension(package.scala:271)
	at scala.meta.internal.tokenizers.XmlParser.XmlExpr(XmlParser.scala:24)
	at scala.meta.internal.tokenizers.LegacyScanner.$anonfun$getXml$2(LegacyScanner.scala:967)
	at scala.meta.internal.fastparse.package$.parseInputRaw(package.scala:71)
	at scala.meta.internal.fastparse.Parsed$Extra.trace(Parsed.scala:141)
	at scala.meta.internal.fastparse.Parsed$Extra.traced(Parsed.scala:120)
	at scala.meta.internal.tokenizers.LegacyScanner.getXml(LegacyScanner.scala:971)
	at scala.meta.internal.tokenizers.LegacyScanner.fetchLT$1(LegacyScanner.scala:329)
	at scala.meta.internal.tokenizers.LegacyScanner.fetchToken(LegacyScanner.scala:337)
	at scala.meta.internal.tokenizers.LegacyScanner.nextToken(LegacyScanner.scala:245)
	at scala.meta.internal.tokenizers.LegacyScanner.foreach(LegacyScanner.scala:1046)
	at scala.meta.internal.tokenizers.ScalametaTokenizer.uncachedTokenize(ScalametaTokenizer.scala:24)
	at scala.meta.internal.tokenizers.ScalametaTokenizer.$anonfun$tokenize$1(ScalametaTokenizer.scala:17)
	at scala.collection.concurrent.TrieMap.getOrElseUpdate(TrieMap.scala:962)
	at scala.meta.internal.tokenizers.ScalametaTokenizer.tokenize(ScalametaTokenizer.scala:17)
	at scala.meta.internal.tokenizers.ScalametaTokenizer$$anon$2.apply(ScalametaTokenizer.scala:332)
	at scala.meta.tokenizers.Api$XtensionTokenizeDialectInput.tokenize(Api.scala:25)
	at scala.meta.tokenizers.Api$XtensionTokenizeInputLike.tokenize(Api.scala:14)
	at scala.meta.internal.pc.ScriptFirstImportPosition$.tokenize(ScriptFirstImportPosition.scala:105)
	at scala.meta.internal.pc.ScriptFirstImportPosition$.skipPrefixesOffset(ScriptFirstImportPosition.scala:58)
	at scala.meta.internal.pc.ScriptFirstImportPosition$.skipUsingDirectivesOffset(ScriptFirstImportPosition.scala:55)
	at scala.meta.internal.pc.AutoImports$.forScalaSource$1$$anonfun$1(AutoImports.scala:278)
	at scala.Option.map(Option.scala:242)
	at scala.meta.internal.pc.AutoImports$.forScalaSource$1(AutoImports.scala:288)
	at scala.meta.internal.pc.AutoImports$.autoImportPosition$$anonfun$1(AutoImports.scala:327)
	at scala.Option.orElse(Option.scala:477)
	at scala.meta.internal.pc.AutoImports$.autoImportPosition(AutoImports.scala:327)
	at scala.meta.internal.pc.AutoImports$.generator(AutoImports.scala:101)
	at scala.meta.internal.pc.completions.CompletionProvider.completions(CompletionProvider.scala:84)

2022.10.22 17:04:54 WARN  no build target for: /home/miguel/universidad/lenguajes/clases/practica2.1/main.scala[0m
2022.10.22 17:04:58 WARN  no build target for: /home/miguel/universidad/lenguajes/clases/practica2.1/main.scala[0m
2022.10.22 17:05:27 WARN  no build target for: /home/miguel/universidad/lenguajes/clases/practica2.1/main.scala[0m
Oct 22, 2022 5:05:51 PM scala.meta.internal.pc.CompilerAccess handleError
SEVERE: NoDenotation.owner
java.lang.AssertionError: NoDenotation.owner
	at dotty.tools.dotc.core.SymDenotations$NoDenotation$.owner(SymDenotations.scala:2499)
	at scala.meta.internal.pc.PcDocumentHighlightProvider$.isForComprehensionOwner$1(PcDocumentHighlightProvider.scala:163)
	at scala.meta.internal.pc.PcDocumentHighlightProvider$.collectNames$1(PcDocumentHighlightProvider.scala:178)
	at scala.meta.internal.pc.PcDocumentHighlightProvider$.$anonfun$4(PcDocumentHighlightProvider.scala:275)
	at dotty.tools.dotc.ast.Trees$Instance$DeepFolder.apply(Trees.scala:1669)
	at dotty.tools.dotc.ast.Trees$Instance$TreeAccumulator.fold$1(Trees.scala:1535)
	at dotty.tools.dotc.ast.Trees$Instance$TreeAccumulator.apply(Trees.scala:1537)
	at dotty.tools.dotc.ast.Trees$Instance$TreeAccumulator.foldOver(Trees.scala:1596)
	at dotty.tools.dotc.ast.Trees$Instance$DeepFolder.apply(Trees.scala:1669)
	at dotty.tools.dotc.ast.Trees$Instance$TreeAccumulator.foldOver(Trees.scala:1638)
	at dotty.tools.dotc.ast.Trees$Instance$DeepFolder.apply(Trees.scala:1669)
	at dotty.tools.dotc.ast.Trees$Instance$TreeAccumulator.foldOver(Trees.scala:1619)
	at dotty.tools.dotc.ast.Trees$Instance$DeepFolder.apply(Trees.scala:1669)
	at dotty.tools.dotc.ast.Trees$Instance$TreeAccumulator.fold$1(Trees.scala:1535)
	at dotty.tools.dotc.ast.Trees$Instance$TreeAccumulator.apply(Trees.scala:1537)
	at dotty.tools.dotc.ast.Trees$Instance$TreeAccumulator.foldOver$$anonfun$1(Trees.scala:1623)
	at scala.collection.LinearSeqOps.foldLeft(LinearSeq.scala:183)
	at scala.collection.LinearSeqOps.foldLeft$(LinearSeq.scala:179)
	at scala.collection.immutable.List.foldLeft(List.scala:79)
	at dotty.tools.dotc.ast.Trees$Instance$TreeAccumulator.foldOver(Trees.scala:1623)
	at dotty.tools.dotc.ast.Trees$Instance$DeepFolder.apply(Trees.scala:1669)
	at dotty.tools.dotc.ast.Trees$Instance$TreeAccumulator.fold$1(Trees.scala:1535)
	at dotty.tools.dotc.ast.Trees$Instance$TreeAccumulator.apply(Trees.scala:1537)
	at dotty.tools.dotc.ast.Trees$Instance$TreeAccumulator.foldOver(Trees.scala:1630)
	at dotty.tools.dotc.ast.Trees$Instance$DeepFolder.apply(Trees.scala:1669)
	at dotty.tools.dotc.ast.Trees$Instance$TreeAccumulator.foldOver(Trees.scala:1627)
	at dotty.tools.dotc.ast.Trees$Instance$DeepFolder.apply(Trees.scala:1669)
	at dotty.tools.dotc.ast.Trees$Instance$TreeAccumulator.fold$1(Trees.scala:1535)
	at dotty.tools.dotc.ast.Trees$Instance$TreeAccumulator.apply(Trees.scala:1537)
	at dotty.tools.dotc.ast.Trees$Instance$TreeAccumulator.foldOver(Trees.scala:1636)
	at dotty.tools.dotc.ast.Trees$Instance$TreeAccumulator.foldOver(Trees.scala:1541)
	at dotty.tools.dotc.ast.Trees$Instance$DeepFolder.apply(Trees.scala:1669)
	at scala.meta.internal.pc.PcDocumentHighlightProvider$.highlights(PcDocumentHighlightProvider.scala:276)

Oct 22, 2022 5:05:57 PM scala.meta.internal.pc.CompilerAccess handleError
SEVERE: NoDenotation.owner
java.lang.AssertionError: NoDenotation.owner
	at dotty.tools.dotc.core.SymDenotations$NoDenotation$.owner(SymDenotations.scala:2499)
	at scala.meta.internal.pc.PcDocumentHighlightProvider$.isForComprehensionOwner$1(PcDocumentHighlightProvider.scala:163)
	at scala.meta.internal.pc.PcDocumentHighlightProvider$.collectNames$1(PcDocumentHighlightProvider.scala:178)
	at scala.meta.internal.pc.PcDocumentHighlightProvider$.$anonfun$4(PcDocumentHighlightProvider.scala:275)
	at dotty.tools.dotc.ast.Trees$Instance$DeepFolder.apply(Trees.scala:1669)
	at dotty.tools.dotc.ast.Trees$Instance$TreeAccumulator.fold$1(Trees.scala:1535)
	at dotty.tools.dotc.ast.Trees$Instance$TreeAccumulator.apply(Trees.scala:1537)
	at dotty.tools.dotc.ast.Trees$Instance$TreeAccumulator.foldOver(Trees.scala:1596)
	at dotty.tools.dotc.ast.Trees$Instance$DeepFolder.apply(Trees.scala:1669)
	at dotty.tools.dotc.ast.Trees$Instance$TreeAccumulator.foldOver(Trees.scala:1638)
	at dotty.tools.dotc.ast.Trees$Instance$DeepFolder.apply(Trees.scala:1669)
	at dotty.tools.dotc.ast.Trees$Instance$TreeAccumulator.foldOver(Trees.scala:1619)
	at dotty.tools.dotc.ast.Trees$Instance$DeepFolder.apply(Trees.scala:1669)
	at dotty.tools.dotc.ast.Trees$Instance$TreeAccumulator.fold$1(Trees.scala:1535)
	at dotty.tools.dotc.ast.Trees$Instance$TreeAccumulator.apply(Trees.scala:1537)
	at dotty.tools.dotc.ast.Trees$Instance$TreeAccumulator.foldOver$$anonfun$1(Trees.scala:1623)
	at scala.collection.LinearSeqOps.foldLeft(LinearSeq.scala:183)
	at scala.collection.LinearSeqOps.foldLeft$(LinearSeq.scala:179)
	at scala.collection.immutable.List.foldLeft(List.scala:79)
	at dotty.tools.dotc.ast.Trees$Instance$TreeAccumulator.foldOver(Trees.scala:1623)
	at dotty.tools.dotc.ast.Trees$Instance$DeepFolder.apply(Trees.scala:1669)
	at dotty.tools.dotc.ast.Trees$Instance$TreeAccumulator.fold$1(Trees.scala:1535)
	at dotty.tools.dotc.ast.Trees$Instance$TreeAccumulator.apply(Trees.scala:1537)
	at dotty.tools.dotc.ast.Trees$Instance$TreeAccumulator.foldOver(Trees.scala:1630)
	at dotty.tools.dotc.ast.Trees$Instance$DeepFolder.apply(Trees.scala:1669)
	at dotty.tools.dotc.ast.Trees$Instance$TreeAccumulator.foldOver(Trees.scala:1627)
	at dotty.tools.dotc.ast.Trees$Instance$DeepFolder.apply(Trees.scala:1669)
	at dotty.tools.dotc.ast.Trees$Instance$TreeAccumulator.fold$1(Trees.scala:1535)
	at dotty.tools.dotc.ast.Trees$Instance$TreeAccumulator.apply(Trees.scala:1537)
	at dotty.tools.dotc.ast.Trees$Instance$TreeAccumulator.foldOver(Trees.scala:1636)
	at dotty.tools.dotc.ast.Trees$Instance$TreeAccumulator.foldOver(Trees.scala:1541)
	at dotty.tools.dotc.ast.Trees$Instance$DeepFolder.apply(Trees.scala:1669)
	at scala.meta.internal.pc.PcDocumentHighlightProvider$.highlights(PcDocumentHighlightProvider.scala:276)

Oct 22, 2022 5:05:59 PM scala.meta.internal.pc.CompilerAccess handleError
SEVERE: NoDenotation.owner
java.lang.AssertionError: NoDenotation.owner
	at dotty.tools.dotc.core.SymDenotations$NoDenotation$.owner(SymDenotations.scala:2499)
	at scala.meta.internal.pc.PcDocumentHighlightProvider$.isForComprehensionOwner$1(PcDocumentHighlightProvider.scala:163)
	at scala.meta.internal.pc.PcDocumentHighlightProvider$.collectNames$1(PcDocumentHighlightProvider.scala:178)
	at scala.meta.internal.pc.PcDocumentHighlightProvider$.$anonfun$4(PcDocumentHighlightProvider.scala:275)
	at dotty.tools.dotc.ast.Trees$Instance$DeepFolder.apply(Trees.scala:1669)
	at dotty.tools.dotc.ast.Trees$Instance$TreeAccumulator.fold$1(Trees.scala:1535)
	at dotty.tools.dotc.ast.Trees$Instance$TreeAccumulator.apply(Trees.scala:1537)
	at dotty.tools.dotc.ast.Trees$Instance$TreeAccumulator.foldOver(Trees.scala:1596)
	at dotty.tools.dotc.ast.Trees$Instance$DeepFolder.apply(Trees.scala:1669)
	at dotty.tools.dotc.ast.Trees$Instance$TreeAccumulator.foldOver(Trees.scala:1638)
	at dotty.tools.dotc.ast.Trees$Instance$DeepFolder.apply(Trees.scala:1669)
	at dotty.tools.dotc.ast.Trees$Instance$TreeAccumulator.foldOver(Trees.scala:1619)
	at dotty.tools.dotc.ast.Trees$Instance$DeepFolder.apply(Trees.scala:1669)
	at dotty.tools.dotc.ast.Trees$Instance$TreeAccumulator.fold$1(Trees.scala:1535)
	at dotty.tools.dotc.ast.Trees$Instance$TreeAccumulator.apply(Trees.scala:1537)
	at dotty.tools.dotc.ast.Trees$Instance$TreeAccumulator.foldOver$$anonfun$1(Trees.scala:1623)
	at scala.collection.LinearSeqOps.foldLeft(LinearSeq.scala:183)
	at scala.collection.LinearSeqOps.foldLeft$(LinearSeq.scala:179)
	at scala.collection.immutable.List.foldLeft(List.scala:79)
	at dotty.tools.dotc.ast.Trees$Instance$TreeAccumulator.foldOver(Trees.scala:1623)
	at dotty.tools.dotc.ast.Trees$Instance$DeepFolder.apply(Trees.scala:1669)
	at dotty.tools.dotc.ast.Trees$Instance$TreeAccumulator.fold$1(Trees.scala:1535)
	at dotty.tools.dotc.ast.Trees$Instance$TreeAccumulator.apply(Trees.scala:1537)
	at dotty.tools.dotc.ast.Trees$Instance$TreeAccumulator.foldOver(Trees.scala:1630)
	at dotty.tools.dotc.ast.Trees$Instance$DeepFolder.apply(Trees.scala:1669)
	at dotty.tools.dotc.ast.Trees$Instance$TreeAccumulator.foldOver(Trees.scala:1627)
	at dotty.tools.dotc.ast.Trees$Instance$DeepFolder.apply(Trees.scala:1669)
	at dotty.tools.dotc.ast.Trees$Instance$TreeAccumulator.fold$1(Trees.scala:1535)
	at dotty.tools.dotc.ast.Trees$Instance$TreeAccumulator.apply(Trees.scala:1537)
	at dotty.tools.dotc.ast.Trees$Instance$TreeAccumulator.foldOver(Trees.scala:1636)
	at dotty.tools.dotc.ast.Trees$Instance$TreeAccumulator.foldOver(Trees.scala:1541)
	at dotty.tools.dotc.ast.Trees$Instance$DeepFolder.apply(Trees.scala:1669)
	at scala.meta.internal.pc.PcDocumentHighlightProvider$.highlights(PcDocumentHighlightProvider.scala:276)

2022.10.22 17:06:08 WARN  no build target for: /home/miguel/universidad/lenguajes/clases/practica2.1/main.scala[0m
2022.10.22 17:06:28 WARN  no build target for: /home/miguel/universidad/lenguajes/clases/practica2.1/main.scala[0m
2022.10.22 17:07:37 WARN  no build target for: /home/miguel/universidad/lenguajes/clases/practica2.1/main.scala[0m
2022.10.22 17:07:54 WARN  no build target for: /home/miguel/universidad/lenguajes/clases/practica2.1/main.scala[0m
2022.10.22 17:08:11 WARN  no build target for: /home/miguel/universidad/lenguajes/clases/practica2.1/main.scala[0m
2022.10.22 17:09:32 WARN  no build target for: /home/miguel/universidad/lenguajes/clases/practica2.1/main.scala[0m
2022.10.22 17:11:13 WARN  no build target for: /home/miguel/universidad/lenguajes/clases/practica2.1/main.scala[0m
2022.10.22 17:11:22 WARN  no build target for: /home/miguel/universidad/lenguajes/clases/practica2.1/main.scala[0m
2022.10.22 17:11:52 WARN  no build target for: /home/miguel/universidad/lenguajes/clases/practica2.1/main.scala[0m
2022.10.22 17:12:08 WARN  no build target for: /home/miguel/universidad/lenguajes/clases/practica2.1/main.scala[0m
2022.10.22 17:14:08 WARN  no build target for: /home/miguel/universidad/lenguajes/clases/practica2.1/main.scala[0m
2022.10.22 17:15:18 WARN  no build target for: /home/miguel/universidad/lenguajes/clases/practica2.1/main.scala[0m
2022.10.22 17:15:33 WARN  no build target for: /home/miguel/universidad/lenguajes/clases/practica2.1/main.scala[0m
2022.10.22 17:16:35 WARN  no build target for: /home/miguel/universidad/lenguajes/clases/practica2.1/main.scala[0m
2022.10.22 17:17:20 WARN  no build target for: /home/miguel/universidad/lenguajes/clases/practica2.1/main.scala[0m
2022.10.22 17:17:36 WARN  no build target for: /home/miguel/universidad/lenguajes/clases/practica2.1/main.scala[0m
2022.10.22 17:17:53 WARN  no build target for: /home/miguel/universidad/lenguajes/clases/practica2.1/main.scala[0m
2022.10.22 17:24:25 WARN  no build target for: /home/miguel/universidad/lenguajes/clases/practica2.1/main.scala[0m
Oct 22, 2022 5:25:42 PM org.eclipse.lsp4j.jsonrpc.RemoteEndpoint handleCancellation
WARNING: Unmatched cancel notification for request id 4775
2022.10.22 17:25:50 WARN  no build target for: /home/miguel/universidad/lenguajes/clases/practica2.1/main.scala[0m
2022.10.22 17:26:05 WARN  no build target for: /home/miguel/universidad/lenguajes/clases/practica2.1/main.scala[0m
2022.10.22 17:29:26 WARN  no build target for: /home/miguel/universidad/lenguajes/clases/practica2.1/main.scala[0m
2022.10.22 17:29:34 WARN  no build target for: /home/miguel/universidad/lenguajes/clases/practica2.1/main.scala[0m
Oct 22, 2022 5:32:43 PM scala.meta.internal.pc.CompilerAccess handleError
SEVERE: NoDenotation.owner
java.lang.AssertionError: NoDenotation.owner
	at dotty.tools.dotc.core.SymDenotations$NoDenotation$.owner(SymDenotations.scala:2499)
	at scala.meta.internal.pc.PcDocumentHighlightProvider$.isForComprehensionOwner$1(PcDocumentHighlightProvider.scala:163)
	at scala.meta.internal.pc.PcDocumentHighlightProvider$.collectNames$1(PcDocumentHighlightProvider.scala:178)
	at scala.meta.internal.pc.PcDocumentHighlightProvider$.$anonfun$4(PcDocumentHighlightProvider.scala:275)
	at dotty.tools.dotc.ast.Trees$Instance$DeepFolder.apply(Trees.scala:1669)
	at dotty.tools.dotc.ast.Trees$Instance$TreeAccumulator.fold$1(Trees.scala:1535)
	at dotty.tools.dotc.ast.Trees$Instance$TreeAccumulator.apply(Trees.scala:1537)
	at dotty.tools.dotc.ast.Trees$Instance$TreeAccumulator.foldOver(Trees.scala:1554)
	at dotty.tools.dotc.ast.Trees$Instance$DeepFolder.apply(Trees.scala:1669)
	at dotty.tools.dotc.ast.Trees$Instance$TreeAccumulator.foldOver(Trees.scala:1619)
	at dotty.tools.dotc.ast.Trees$Instance$DeepFolder.apply(Trees.scala:1669)
	at dotty.tools.dotc.ast.Trees$Instance$TreeAccumulator.fold$1(Trees.scala:1535)
	at dotty.tools.dotc.ast.Trees$Instance$TreeAccumulator.apply(Trees.scala:1537)
	at dotty.tools.dotc.ast.Trees$Instance$TreeAccumulator.foldOver(Trees.scala:1568)
	at dotty.tools.dotc.ast.Trees$Instance$DeepFolder.apply(Trees.scala:1669)
	at dotty.tools.dotc.ast.Trees$Instance$TreeAccumulator.foldOver(Trees.scala:1570)
	at dotty.tools.dotc.ast.Trees$Instance$DeepFolder.apply(Trees.scala:1669)
	at dotty.tools.dotc.ast.Trees$Instance$TreeAccumulator.foldOver(Trees.scala:1568)
	at dotty.tools.dotc.ast.Trees$Instance$DeepFolder.apply(Trees.scala:1669)
	at dotty.tools.dotc.ast.Trees$Instance$TreeAccumulator.foldOver(Trees.scala:1570)
	at dotty.tools.dotc.ast.Trees$Instance$DeepFolder.apply(Trees.scala:1669)
	at dotty.tools.dotc.ast.Trees$Instance$TreeAccumulator.foldOver(Trees.scala:1568)
	at dotty.tools.dotc.ast.Trees$Instance$DeepFolder.apply(Trees.scala:1669)
	at dotty.tools.dotc.ast.Trees$Instance$TreeAccumulator.foldOver(Trees.scala:1623)
	at dotty.tools.dotc.ast.Trees$Instance$DeepFolder.apply(Trees.scala:1669)
	at dotty.tools.dotc.ast.Trees$Instance$TreeAccumulator.fold$1(Trees.scala:1535)
	at dotty.tools.dotc.ast.Trees$Instance$TreeAccumulator.apply(Trees.scala:1537)
	at dotty.tools.dotc.ast.Trees$Instance$TreeAccumulator.foldOver(Trees.scala:1630)
	at dotty.tools.dotc.ast.Trees$Instance$DeepFolder.apply(Trees.scala:1669)
	at dotty.tools.dotc.ast.Trees$Instance$TreeAccumulator.foldOver(Trees.scala:1627)
	at dotty.tools.dotc.ast.Trees$Instance$DeepFolder.apply(Trees.scala:1669)
	at dotty.tools.dotc.ast.Trees$Instance$TreeAccumulator.fold$1(Trees.scala:1535)
	at dotty.tools.dotc.ast.Trees$Instance$TreeAccumulator.apply(Trees.scala:1537)
	at dotty.tools.dotc.ast.Trees$Instance$TreeAccumulator.foldOver(Trees.scala:1636)
	at dotty.tools.dotc.ast.Trees$Instance$TreeAccumulator.foldOver(Trees.scala:1541)
	at dotty.tools.dotc.ast.Trees$Instance$DeepFolder.apply(Trees.scala:1669)
	at scala.meta.internal.pc.PcDocumentHighlightProvider$.highlights(PcDocumentHighlightProvider.scala:276)

Oct 22, 2022 5:33:29 PM org.eclipse.lsp4j.jsonrpc.services.GenericEndpoint notify
INFO: Unsupported notification method: $/setTrace
2022.10.22 17:33:58 WARN  no build target for: /home/miguel/universidad/lenguajes/clases/practica2.1/main.scala[0m
2022.10.22 17:33:58 WARN  no build target for: /home/miguel/universidad/lenguajes/clases/practica2.1/main.scala[0m
Oct 22, 2022 5:33:58 PM org.eclipse.lsp4j.jsonrpc.RemoteEndpoint fallbackResponseError
SEVERE: Internal error: scala.meta.internal.metals.debug.BuildTargetNotFoundForPathException: No build target could be found for the path: /home/miguel/universidad/lenguajes/clases/practica2.1/main.scala
java.util.concurrent.CompletionException: scala.meta.internal.metals.debug.BuildTargetNotFoundForPathException: No build target could be found for the path: /home/miguel/universidad/lenguajes/clases/practica2.1/main.scala
	at java.base/java.util.concurrent.CompletableFuture.encodeThrowable(CompletableFuture.java:331)
	at java.base/java.util.concurrent.CompletableFuture.uniAcceptNow(CompletableFuture.java:743)
	at java.base/java.util.concurrent.CompletableFuture.uniAcceptStage(CompletableFuture.java:731)
	at java.base/java.util.concurrent.CompletableFuture.thenAcceptAsync(CompletableFuture.java:2112)
	at scala.concurrent.java8.FuturesConvertersImpl$CF.thenAccept(FutureConvertersImpl.scala:37)
	at org.eclipse.lsp4j.jsonrpc.RemoteEndpoint.handleRequest(RemoteEndpoint.java:279)
	at org.eclipse.lsp4j.jsonrpc.RemoteEndpoint.consume(RemoteEndpoint.java:190)
	at org.eclipse.lsp4j.jsonrpc.json.StreamMessageProducer.handleMessage(StreamMessageProducer.java:194)
	at org.eclipse.lsp4j.jsonrpc.json.StreamMessageProducer.listen(StreamMessageProducer.java:94)
	at org.eclipse.lsp4j.jsonrpc.json.ConcurrentMessageProcessor.run(ConcurrentMessageProcessor.java:113)
	at java.base/java.util.concurrent.Executors$RunnableAdapter.call(Executors.java:515)
	at java.base/java.util.concurrent.FutureTask.run(FutureTask.java:264)
	at java.base/java.util.concurrent.ThreadPoolExecutor.runWorker(ThreadPoolExecutor.java:1128)
	at java.base/java.util.concurrent.ThreadPoolExecutor$Worker.run(ThreadPoolExecutor.java:628)
	at java.base/java.lang.Thread.run(Thread.java:829)
Caused by: scala.meta.internal.metals.debug.BuildTargetNotFoundForPathException: No build target could be found for the path: /home/miguel/universidad/lenguajes/clases/practica2.1/main.scala
	at scala.meta.internal.metals.debug.DebugProvider.debugDiscovery(DebugProvider.scala:412)
	at scala.meta.internal.metals.MetalsLanguageServer.executeCommand(MetalsLanguageServer.scala:1963)
	at java.base/jdk.internal.reflect.NativeMethodAccessorImpl.invoke0(Native Method)
	at java.base/jdk.internal.reflect.NativeMethodAccessorImpl.invoke(NativeMethodAccessorImpl.java:62)
	at java.base/jdk.internal.reflect.DelegatingMethodAccessorImpl.invoke(DelegatingMethodAccessorImpl.java:43)
	at java.base/java.lang.reflect.Method.invoke(Method.java:566)
	at org.eclipse.lsp4j.jsonrpc.services.GenericEndpoint.lambda$null$0(GenericEndpoint.java:65)
	at org.eclipse.lsp4j.jsonrpc.services.GenericEndpoint.request(GenericEndpoint.java:120)
	at org.eclipse.lsp4j.jsonrpc.RemoteEndpoint.handleRequest(RemoteEndpoint.java:261)
	... 9 more

2022.10.22 17:34:03 WARN  no build target for: /home/miguel/universidad/lenguajes/clases/practica2.1/main.scala[0m
Oct 22, 2022 5:34:03 PM org.eclipse.lsp4j.jsonrpc.RemoteEndpoint fallbackResponseError
SEVERE: Internal error: scala.meta.internal.metals.debug.BuildTargetNotFoundForPathException: No build target could be found for the path: /home/miguel/universidad/lenguajes/clases/practica2.1/main.scala
java.util.concurrent.CompletionException: scala.meta.internal.metals.debug.BuildTargetNotFoundForPathException: No build target could be found for the path: /home/miguel/universidad/lenguajes/clases/practica2.1/main.scala
	at java.base/java.util.concurrent.CompletableFuture.encodeThrowable(CompletableFuture.java:331)
	at java.base/java.util.concurrent.CompletableFuture.uniAcceptNow(CompletableFuture.java:743)
	at java.base/java.util.concurrent.CompletableFuture.uniAcceptStage(CompletableFuture.java:731)
	at java.base/java.util.concurrent.CompletableFuture.thenAcceptAsync(CompletableFuture.java:2112)
	at scala.concurrent.java8.FuturesConvertersImpl$CF.thenAccept(FutureConvertersImpl.scala:37)
	at org.eclipse.lsp4j.jsonrpc.RemoteEndpoint.handleRequest(RemoteEndpoint.java:279)
	at org.eclipse.lsp4j.jsonrpc.RemoteEndpoint.consume(RemoteEndpoint.java:190)
	at org.eclipse.lsp4j.jsonrpc.json.StreamMessageProducer.handleMessage(StreamMessageProducer.java:194)
	at org.eclipse.lsp4j.jsonrpc.json.StreamMessageProducer.listen(StreamMessageProducer.java:94)
	at org.eclipse.lsp4j.jsonrpc.json.ConcurrentMessageProcessor.run(ConcurrentMessageProcessor.java:113)
	at java.base/java.util.concurrent.Executors$RunnableAdapter.call(Executors.java:515)
	at java.base/java.util.concurrent.FutureTask.run(FutureTask.java:264)
	at java.base/java.util.concurrent.ThreadPoolExecutor.runWorker(ThreadPoolExecutor.java:1128)
	at java.base/java.util.concurrent.ThreadPoolExecutor$Worker.run(ThreadPoolExecutor.java:628)
	at java.base/java.lang.Thread.run(Thread.java:829)
Caused by: scala.meta.internal.metals.debug.BuildTargetNotFoundForPathException: No build target could be found for the path: /home/miguel/universidad/lenguajes/clases/practica2.1/main.scala
	at scala.meta.internal.metals.debug.DebugProvider.debugDiscovery(DebugProvider.scala:412)
	at scala.meta.internal.metals.MetalsLanguageServer.executeCommand(MetalsLanguageServer.scala:1963)
	at java.base/jdk.internal.reflect.NativeMethodAccessorImpl.invoke0(Native Method)
	at java.base/jdk.internal.reflect.NativeMethodAccessorImpl.invoke(NativeMethodAccessorImpl.java:62)
	at java.base/jdk.internal.reflect.DelegatingMethodAccessorImpl.invoke(DelegatingMethodAccessorImpl.java:43)
	at java.base/java.lang.reflect.Method.invoke(Method.java:566)
	at org.eclipse.lsp4j.jsonrpc.services.GenericEndpoint.lambda$null$0(GenericEndpoint.java:65)
	at org.eclipse.lsp4j.jsonrpc.services.GenericEndpoint.request(GenericEndpoint.java:120)
	at org.eclipse.lsp4j.jsonrpc.RemoteEndpoint.handleRequest(RemoteEndpoint.java:261)
	... 9 more

2022.10.22 17:36:40 WARN  no build target for: /home/miguel/universidad/lenguajes/clases/practica2.1/main.scala[0m
2022.10.22 17:36:47 WARN  no build target for: /home/miguel/universidad/lenguajes/clases/practica2.1/main.scala[0m
2022.10.22 17:37:22 WARN  no build target for: /home/miguel/universidad/lenguajes/clases/practica2.1/main.scala[0m
2022.10.22 17:37:45 WARN  no build target for: /home/miguel/universidad/lenguajes/clases/practica2.1/main.scala[0m
2022.10.22 17:38:12 WARN  no build target for: /home/miguel/universidad/lenguajes/clases/practica2.1/main.scala[0m
2022.10.22 17:38:28 WARN  no build target for: /home/miguel/universidad/lenguajes/clases/practica2.1/main.scala[0m
2022.10.22 17:38:58 WARN  no build target for: /home/miguel/universidad/lenguajes/clases/practica2.1/main.scala[0m
Oct 22, 2022 5:44:18 PM org.eclipse.lsp4j.jsonrpc.RemoteEndpoint handleCancellation
WARNING: Unmatched cancel notification for request id 5663
2022.10.22 17:53:51 WARN  no build target for: /home/miguel/universidad/lenguajes/clases/practica2.1/main.scala[0m
2022.10.22 17:54:12 WARN  no build target for: /home/miguel/universidad/lenguajes/clases/practica2.1/main.scala[0m
2022.10.22 17:55:46 WARN  no build target for: /home/miguel/universidad/lenguajes/clases/practica2.1/main.scala[0m
2022.10.22 17:56:50 WARN  no build target for: /home/miguel/universidad/lenguajes/clases/practica2.1/main.scala[0m
2022.10.22 17:56:59 WARN  no build target for: /home/miguel/universidad/lenguajes/clases/practica2.1/main.scala[0m
2022.10.22 17:57:29 WARN  no build target for: /home/miguel/universidad/lenguajes/clases/practica2.1/main.scala[0m
2022.10.22 17:57:40 WARN  no build target for: /home/miguel/universidad/lenguajes/clases/practica2.1/main.scala[0m
2022.10.22 17:58:16 WARN  no build target for: /home/miguel/universidad/lenguajes/clases/practica2.1/main.scala[0m
2022.10.22 17:58:31 WARN  no build target for: /home/miguel/universidad/lenguajes/clases/practica2.1/main.scala[0m
2022.10.22 17:59:03 WARN  no build target for: /home/miguel/universidad/lenguajes/clases/practica2.1/main.scala[0m
2022.10.22 18:00:53 WARN  no build target for: /home/miguel/universidad/lenguajes/clases/practica2.1/main.scala[0m
2022.10.22 18:01:39 WARN  no build target for: /home/miguel/universidad/lenguajes/clases/practica2.1/main.scala[0m
2022.10.22 18:03:46 WARN  no build target for: /home/miguel/universidad/lenguajes/clases/practica2.1/main.scala[0m
2022.10.22 18:04:14 WARN  no build target for: /home/miguel/universidad/lenguajes/clases/practica2.1/main.scala[0m
2022.10.22 18:04:38 WARN  no build target for: /home/miguel/universidad/lenguajes/clases/practica2.1/main.scala[0m
Oct 22, 2022 6:04:59 PM scala.meta.internal.pc.CompilerAccess handleError
SEVERE: NoDenotation.owner
java.lang.AssertionError: NoDenotation.owner
	at dotty.tools.dotc.core.SymDenotations$NoDenotation$.owner(SymDenotations.scala:2499)
	at scala.meta.internal.pc.PcDocumentHighlightProvider$.isForComprehensionOwner$1(PcDocumentHighlightProvider.scala:163)
	at scala.meta.internal.pc.PcDocumentHighlightProvider$.collectNames$1(PcDocumentHighlightProvider.scala:178)
	at scala.meta.internal.pc.PcDocumentHighlightProvider$.$anonfun$4(PcDocumentHighlightProvider.scala:275)
	at dotty.tools.dotc.ast.Trees$Instance$DeepFolder.apply(Trees.scala:1669)
	at dotty.tools.dotc.ast.Trees$Instance$TreeAccumulator.fold$1(Trees.scala:1535)
	at dotty.tools.dotc.ast.Trees$Instance$TreeAccumulator.apply(Trees.scala:1537)
	at dotty.tools.dotc.ast.Trees$Instance$TreeAccumulator.foldOver(Trees.scala:1554)
	at dotty.tools.dotc.ast.Trees$Instance$DeepFolder.apply(Trees.scala:1669)
	at dotty.tools.dotc.ast.Trees$Instance$TreeAccumulator.foldOver(Trees.scala:1619)
	at dotty.tools.dotc.ast.Trees$Instance$DeepFolder.apply(Trees.scala:1669)
	at dotty.tools.dotc.ast.Trees$Instance$TreeAccumulator.fold$1(Trees.scala:1535)
	at dotty.tools.dotc.ast.Trees$Instance$TreeAccumulator.apply(Trees.scala:1537)
	at dotty.tools.dotc.ast.Trees$Instance$TreeAccumulator.foldOver(Trees.scala:1568)
	at dotty.tools.dotc.ast.Trees$Instance$DeepFolder.apply(Trees.scala:1669)
	at dotty.tools.dotc.ast.Trees$Instance$TreeAccumulator.foldOver(Trees.scala:1623)
	at dotty.tools.dotc.ast.Trees$Instance$DeepFolder.apply(Trees.scala:1669)
	at dotty.tools.dotc.ast.Trees$Instance$TreeAccumulator.fold$1(Trees.scala:1535)
	at dotty.tools.dotc.ast.Trees$Instance$TreeAccumulator.apply(Trees.scala:1537)
	at dotty.tools.dotc.ast.Trees$Instance$TreeAccumulator.foldOver(Trees.scala:1630)
	at dotty.tools.dotc.ast.Trees$Instance$DeepFolder.apply(Trees.scala:1669)
	at dotty.tools.dotc.ast.Trees$Instance$TreeAccumulator.foldOver(Trees.scala:1627)
	at dotty.tools.dotc.ast.Trees$Instance$DeepFolder.apply(Trees.scala:1669)
	at dotty.tools.dotc.ast.Trees$Instance$TreeAccumulator.fold$1(Trees.scala:1535)
	at dotty.tools.dotc.ast.Trees$Instance$TreeAccumulator.apply(Trees.scala:1537)
	at dotty.tools.dotc.ast.Trees$Instance$TreeAccumulator.foldOver(Trees.scala:1636)
	at dotty.tools.dotc.ast.Trees$Instance$TreeAccumulator.foldOver(Trees.scala:1541)
	at dotty.tools.dotc.ast.Trees$Instance$DeepFolder.apply(Trees.scala:1669)
	at scala.meta.internal.pc.PcDocumentHighlightProvider$.highlights(PcDocumentHighlightProvider.scala:276)

2022.10.22 18:05:05 WARN  no build target for: /home/miguel/universidad/lenguajes/clases/practica2.1/main.scala[0m
2022.10.22 18:05:53 WARN  no build target for: /home/miguel/universidad/lenguajes/clases/practica2.1/main.scala[0m
2022.10.22 18:06:08 WARN  no build target for: /home/miguel/universidad/lenguajes/clases/practica2.1/main.scala[0m
2022.10.22 18:06:48 WARN  no build target for: /home/miguel/universidad/lenguajes/clases/practica2.1/main.scala[0m
Oct 22, 2022 6:07:41 PM scala.meta.internal.pc.CompilerAccess handleError
SEVERE: NoDenotation.owner
java.lang.AssertionError: NoDenotation.owner
	at dotty.tools.dotc.core.SymDenotations$NoDenotation$.owner(SymDenotations.scala:2499)
	at scala.meta.internal.pc.PcDocumentHighlightProvider$.isForComprehensionOwner$1(PcDocumentHighlightProvider.scala:163)
	at scala.meta.internal.pc.PcDocumentHighlightProvider$.collectNames$1(PcDocumentHighlightProvider.scala:178)
	at scala.meta.internal.pc.PcDocumentHighlightProvider$.$anonfun$4(PcDocumentHighlightProvider.scala:275)
	at dotty.tools.dotc.ast.Trees$Instance$DeepFolder.apply(Trees.scala:1669)
	at dotty.tools.dotc.ast.Trees$Instance$TreeAccumulator.foldOver(Trees.scala:1554)
	at dotty.tools.dotc.ast.Trees$Instance$DeepFolder.apply(Trees.scala:1669)
	at dotty.tools.dotc.ast.Trees$Instance$TreeAccumulator.foldOver(Trees.scala:1619)
	at dotty.tools.dotc.ast.Trees$Instance$DeepFolder.apply(Trees.scala:1669)
	at dotty.tools.dotc.ast.Trees$Instance$TreeAccumulator.fold$1(Trees.scala:1535)
	at dotty.tools.dotc.ast.Trees$Instance$TreeAccumulator.apply(Trees.scala:1537)
	at dotty.tools.dotc.ast.Trees$Instance$TreeAccumulator.foldOver(Trees.scala:1568)
	at dotty.tools.dotc.ast.Trees$Instance$DeepFolder.apply(Trees.scala:1669)
	at dotty.tools.dotc.ast.Trees$Instance$TreeAccumulator.foldOver(Trees.scala:1623)
	at dotty.tools.dotc.ast.Trees$Instance$DeepFolder.apply(Trees.scala:1669)
	at dotty.tools.dotc.ast.Trees$Instance$TreeAccumulator.fold$1(Trees.scala:1535)
	at dotty.tools.dotc.ast.Trees$Instance$TreeAccumulator.apply(Trees.scala:1537)
	at dotty.tools.dotc.ast.Trees$Instance$TreeAccumulator.foldOver(Trees.scala:1630)
	at dotty.tools.dotc.ast.Trees$Instance$DeepFolder.apply(Trees.scala:1669)
	at dotty.tools.dotc.ast.Trees$Instance$TreeAccumulator.foldOver(Trees.scala:1627)
	at dotty.tools.dotc.ast.Trees$Instance$DeepFolder.apply(Trees.scala:1669)
	at dotty.tools.dotc.ast.Trees$Instance$TreeAccumulator.fold$1(Trees.scala:1535)
	at dotty.tools.dotc.ast.Trees$Instance$TreeAccumulator.apply(Trees.scala:1537)
	at dotty.tools.dotc.ast.Trees$Instance$TreeAccumulator.foldOver(Trees.scala:1636)
	at dotty.tools.dotc.ast.Trees$Instance$TreeAccumulator.foldOver(Trees.scala:1541)
	at dotty.tools.dotc.ast.Trees$Instance$DeepFolder.apply(Trees.scala:1669)
	at scala.meta.internal.pc.PcDocumentHighlightProvider$.highlights(PcDocumentHighlightProvider.scala:276)

2022.10.22 18:08:50 WARN  no build target for: /home/miguel/universidad/lenguajes/clases/practica2.1/main.scala[0m
2022.10.22 18:09:05 WARN  no build target for: /home/miguel/universidad/lenguajes/clases/practica2.1/main.scala[0m
2022.10.22 18:09:20 WARN  no build target for: /home/miguel/universidad/lenguajes/clases/practica2.1/main.scala[0m
2022.10.22 18:09:51 WARN  no build target for: /home/miguel/universidad/lenguajes/clases/practica2.1/main.scala[0m
Oct 22, 2022 6:09:53 PM org.eclipse.lsp4j.jsonrpc.services.GenericEndpoint notify
INFO: Unsupported notification method: $/setTrace
Oct 22, 2022 6:12:28 PM org.eclipse.lsp4j.jsonrpc.RemoteEndpoint handleCancellation
WARNING: Unmatched cancel notification for request id 7351
2022.10.22 19:58:53 INFO  shutting down Metals[0m
2022.10.30 16:55:37 INFO  tracing is disabled for protocol LSP, to enable tracing of incoming and outgoing JSON messages create an empty file at /home/miguel/universidad/lenguajes/clases/practica2.1/.metals/lsp.trace.json or /home/miguel/.cache/metals/lsp.trace.json[0m
2022.10.30 16:55:37 INFO  logging to file /home/miguel/universidad/lenguajes/clases/practica2.1/.metals/metals.log[0m
2022.10.30 16:55:37 INFO  Started: Metals version 0.11.9 in workspace '/home/miguel/universidad/lenguajes/clases/practica2.1' for client Visual Studio Code 1.72.2.[0m
2022.10.30 16:55:38 INFO  time: initialize in 1.03s[0m
2022.10.30 16:55:39 WARN  Build server is not auto-connectable.[0m
2022.10.30 16:55:39 WARN  no build tool detected in workspace '/home/miguel/universidad/lenguajes/clases/practica2.1'. The most common cause for this problem is that the editor was opened in the wrong working directory, for example if you use sbt then the workspace directory should contain build.sbt. [0m
2022.10.30 16:55:39 WARN  no build target for: /home/miguel/universidad/lenguajes/clases/practica2.1/main.scala[0m
2022.10.30 16:55:42 INFO  no build target found for /home/miguel/universidad/lenguajes/clases/practica2.1/main.scala. Using presentation compiler with project's scala-library version: 3.2.0[0m
2022.10.30 16:55:43 INFO  time: code lens generation in 4.05s[0m
2022.10.30 17:00:34 WARN  no build target for: /home/miguel/universidad/lenguajes/clases/practica2.1/main.scala[0m
Oct 30, 2022 5:01:17 PM org.eclipse.lsp4j.jsonrpc.services.GenericEndpoint notify
INFO: Unsupported notification method: $/setTrace
